{"/home/ubuntu/nightingale/lib/Logger.js":{"path":"/home/ubuntu/nightingale/lib/Logger.js","s":{"1":1,"2":1,"3":1,"4":1,"5":1,"6":1,"7":1,"8":2,"9":1,"10":9,"11":9,"12":171,"13":9,"14":162,"15":0,"16":0,"17":10,"18":10,"19":10,"20":0,"21":10,"22":10,"23":10,"24":10,"25":8,"26":10,"27":10,"28":0,"29":1,"30":1,"31":1,"32":1,"33":1,"34":1,"35":1,"36":0,"37":0,"38":0,"39":0,"40":2,"41":2,"42":1,"43":1,"44":1,"45":1,"46":0,"47":0,"48":0,"49":0,"50":0,"51":0,"52":0,"53":0,"54":0,"55":0,"56":0,"57":0,"58":0,"59":0,"60":0,"61":0,"62":0,"63":0,"64":0,"65":0,"66":0,"67":0,"68":0,"69":0,"70":0,"71":1},"b":{"1":[1,1],"2":[2,2],"3":[9,162],"4":[0,10],"5":[2,8],"6":[10,8],"7":[2,8],"8":[10,8],"9":[8,2],"10":[1,1,1],"11":[1,1],"12":[1,0],"13":[0,0],"14":[0,0],"15":[0,0],"16":[0,0],"17":[0,0],"18":[0,0],"19":[0,0],"20":[0,0]},"f":{"1":2,"2":9,"3":0,"4":10,"5":10,"6":0,"7":1,"8":1,"9":1,"10":1,"11":1,"12":1,"13":0,"14":0,"15":2,"16":2,"17":0,"18":0,"19":0,"20":0},"fnMap":{"1":{"name":"_interopRequireDefault","line":20,"loc":{"start":{"line":20,"column":0},"end":{"line":20,"column":37}}},"2":{"name":"(anonymous_2)","line":32,"loc":{"start":{"line":32,"column":15},"end":{"line":32,"column":26}}},"3":{"name":"(anonymous_3)","line":51,"loc":{"start":{"line":51,"column":9},"end":{"line":51,"column":29}}},"4":{"name":"(anonymous_4)","line":63,"loc":{"start":{"line":63,"column":13},"end":{"line":63,"column":22}}},"5":{"name":"(anonymous_5)","line":81,"loc":{"start":{"line":81,"column":7},"end":{"line":81,"column":26}}},"6":{"name":"(anonymous_6)","line":108,"loc":{"start":{"line":108,"column":13},"end":{"line":108,"column":30}}},"7":{"name":"(anonymous_7)","line":120,"loc":{"start":{"line":120,"column":9},"end":{"line":120,"column":43}}},"8":{"name":"(anonymous_8)","line":132,"loc":{"start":{"line":132,"column":8},"end":{"line":132,"column":42}}},"9":{"name":"(anonymous_9)","line":144,"loc":{"start":{"line":144,"column":8},"end":{"line":144,"column":42}}},"10":{"name":"(anonymous_10)","line":156,"loc":{"start":{"line":156,"column":9},"end":{"line":156,"column":43}}},"11":{"name":"(anonymous_11)","line":169,"loc":{"start":{"line":169,"column":9},"end":{"line":169,"column":43}}},"12":{"name":"(anonymous_12)","line":181,"loc":{"start":{"line":181,"column":9},"end":{"line":181,"column":43}}},"13":{"name":"(anonymous_13)","line":193,"loc":{"start":{"line":193,"column":16},"end":{"line":193,"column":48}}},"14":{"name":"(anonymous_14)","line":209,"loc":{"start":{"line":209,"column":14},"end":{"line":209,"column":58}}},"15":{"name":"(anonymous_15)","line":222,"loc":{"start":{"line":222,"column":11},"end":{"line":222,"column":45}}},"16":{"name":"(anonymous_16)","line":236,"loc":{"start":{"line":236,"column":8},"end":{"line":236,"column":15}}},"17":{"name":"(anonymous_17)","line":259,"loc":{"start":{"line":259,"column":11},"end":{"line":259,"column":48}}},"18":{"name":"(anonymous_18)","line":299,"loc":{"start":{"line":299,"column":9},"end":{"line":299,"column":38}}},"19":{"name":"(anonymous_19)","line":321,"loc":{"start":{"line":321,"column":8},"end":{"line":321,"column":37}}},"20":{"name":"(anonymous_20)","line":343,"loc":{"start":{"line":343,"column":8},"end":{"line":343,"column":47}}}},"statementMap":{"1":{"start":{"line":3,"column":0},"end":{"line":5,"column":3}},"2":{"start":{"line":6,"column":0},"end":{"line":6,"column":28}},"3":{"start":{"line":8,"column":0},"end":{"line":8,"column":28}},"4":{"start":{"line":10,"column":0},"end":{"line":10,"column":43}},"5":{"start":{"line":12,"column":0},"end":{"line":12,"column":38}},"6":{"start":{"line":14,"column":0},"end":{"line":14,"column":51}},"7":{"start":{"line":20,"column":0},"end":{"line":20,"column":95}},"8":{"start":{"line":20,"column":39},"end":{"line":20,"column":93}},"9":{"start":{"line":26,"column":0},"end":{"line":356,"column":2}},"10":{"start":{"line":33,"column":8},"end":{"line":33,"column":33}},"11":{"start":{"line":35,"column":8},"end":{"line":41,"column":11}},"12":{"start":{"line":36,"column":12},"end":{"line":38,"column":13}},"13":{"start":{"line":37,"column":16},"end":{"line":37,"column":23}},"14":{"start":{"line":40,"column":12},"end":{"line":40,"column":57}},"15":{"start":{"line":52,"column":8},"end":{"line":52,"column":45}},"16":{"start":{"line":53,"column":8},"end":{"line":53,"column":20}},"17":{"start":{"line":64,"column":8},"end":{"line":69,"column":9}},"18":{"start":{"line":65,"column":12},"end":{"line":65,"column":43}},"19":{"start":{"line":66,"column":12},"end":{"line":68,"column":13}},"20":{"start":{"line":67,"column":16},"end":{"line":67,"column":23}},"21":{"start":{"line":82,"column":8},"end":{"line":82,"column":116}},"22":{"start":{"line":83,"column":8},"end":{"line":83,"column":101}},"23":{"start":{"line":85,"column":8},"end":{"line":92,"column":10}},"24":{"start":{"line":94,"column":8},"end":{"line":96,"column":9}},"25":{"start":{"line":95,"column":12},"end":{"line":95,"column":52}},"26":{"start":{"line":98,"column":8},"end":{"line":98,"column":31}},"27":{"start":{"line":99,"column":8},"end":{"line":99,"column":20}},"28":{"start":{"line":109,"column":8},"end":{"line":109,"column":30}},"29":{"start":{"line":121,"column":8},"end":{"line":121,"column":87}},"30":{"start":{"line":133,"column":8},"end":{"line":133,"column":86}},"31":{"start":{"line":145,"column":8},"end":{"line":145,"column":86}},"32":{"start":{"line":157,"column":8},"end":{"line":157,"column":62}},"33":{"start":{"line":158,"column":8},"end":{"line":158,"column":87}},"34":{"start":{"line":170,"column":8},"end":{"line":170,"column":87}},"35":{"start":{"line":182,"column":8},"end":{"line":182,"column":87}},"36":{"start":{"line":196,"column":8},"end":{"line":196,"column":60}},"37":{"start":{"line":197,"column":8},"end":{"line":197,"column":103}},"38":{"start":{"line":210,"column":8},"end":{"line":210,"column":66}},"39":{"start":{"line":211,"column":8},"end":{"line":211,"column":128}},"40":{"start":{"line":223,"column":8},"end":{"line":227,"column":11}},"41":{"start":{"line":237,"column":8},"end":{"line":243,"column":9}},"42":{"start":{"line":238,"column":12},"end":{"line":240,"column":13}},"43":{"start":{"line":239,"column":16},"end":{"line":239,"column":34}},"44":{"start":{"line":242,"column":12},"end":{"line":242,"column":51}},"45":{"start":{"line":245,"column":8},"end":{"line":245,"column":26}},"46":{"start":{"line":260,"column":8},"end":{"line":260,"column":31}},"47":{"start":{"line":262,"column":8},"end":{"line":273,"column":9}},"48":{"start":{"line":263,"column":12},"end":{"line":263,"column":36}},"49":{"start":{"line":264,"column":12},"end":{"line":264,"column":27}},"50":{"start":{"line":265,"column":12},"end":{"line":265,"column":24}},"51":{"start":{"line":267,"column":12},"end":{"line":269,"column":13}},"52":{"start":{"line":268,"column":16},"end":{"line":268,"column":23}},"53":{"start":{"line":271,"column":12},"end":{"line":271,"column":38}},"54":{"start":{"line":272,"column":12},"end":{"line":272,"column":38}},"55":{"start":{"line":275,"column":8},"end":{"line":275,"column":36}},"56":{"start":{"line":276,"column":8},"end":{"line":276,"column":71}},"57":{"start":{"line":277,"column":8},"end":{"line":277,"column":45}},"58":{"start":{"line":279,"column":8},"end":{"line":279,"column":106}},"59":{"start":{"line":280,"column":8},"end":{"line":280,"column":79}},"60":{"start":{"line":300,"column":8},"end":{"line":300,"column":100}},"61":{"start":{"line":322,"column":8},"end":{"line":322,"column":99}},"62":{"start":{"line":344,"column":8},"end":{"line":350,"column":9}},"63":{"start":{"line":345,"column":12},"end":{"line":345,"column":31}},"64":{"start":{"line":346,"column":12},"end":{"line":346,"column":32}},"65":{"start":{"line":347,"column":15},"end":{"line":350,"column":9}},"66":{"start":{"line":348,"column":12},"end":{"line":348,"column":37}},"67":{"start":{"line":349,"column":12},"end":{"line":349,"column":38}},"68":{"start":{"line":352,"column":8},"end":{"line":352,"column":47}},"69":{"start":{"line":353,"column":8},"end":{"line":353,"column":19}},"70":{"start":{"line":354,"column":8},"end":{"line":354,"column":22}},"71":{"start":{"line":357,"column":0},"end":{"line":357,"column":25}}},"branchMap":{"1":{"line":20,"type":"cond-expr","locations":[{"start":{"line":20,"column":70},"end":{"line":20,"column":73}},{"start":{"line":20,"column":76},"end":{"line":20,"column":92}}]},"2":{"line":20,"type":"binary-expr","locations":[{"start":{"line":20,"column":46},"end":{"line":20,"column":49}},{"start":{"line":20,"column":53},"end":{"line":20,"column":67}}]},"3":{"line":36,"type":"if","locations":[{"start":{"line":36,"column":12},"end":{"line":36,"column":12}},{"start":{"line":36,"column":12},"end":{"line":36,"column":12}}]},"4":{"line":66,"type":"if","locations":[{"start":{"line":66,"column":12},"end":{"line":66,"column":12}},{"start":{"line":66,"column":12},"end":{"line":66,"column":12}}]},"5":{"line":82,"type":"cond-expr","locations":[{"start":{"line":82,"column":77},"end":{"line":82,"column":100}},{"start":{"line":82,"column":103},"end":{"line":82,"column":115}}]},"6":{"line":82,"type":"binary-expr","locations":[{"start":{"line":82,"column":23},"end":{"line":82,"column":44}},{"start":{"line":82,"column":48},"end":{"line":82,"column":74}}]},"7":{"line":83,"type":"cond-expr","locations":[{"start":{"line":83,"column":76},"end":{"line":83,"column":85}},{"start":{"line":83,"column":88},"end":{"line":83,"column":100}}]},"8":{"line":83,"type":"binary-expr","locations":[{"start":{"line":83,"column":22},"end":{"line":83,"column":43}},{"start":{"line":83,"column":47},"end":{"line":83,"column":73}}]},"9":{"line":94,"type":"if","locations":[{"start":{"line":94,"column":8},"end":{"line":94,"column":8}},{"start":{"line":94,"column":8},"end":{"line":94,"column":8}}]},"10":{"line":157,"type":"binary-expr","locations":[{"start":{"line":157,"column":18},"end":{"line":157,"column":31}},{"start":{"line":157,"column":35},"end":{"line":157,"column":50}},{"start":{"line":157,"column":54},"end":{"line":157,"column":61}}]},"11":{"line":237,"type":"if","locations":[{"start":{"line":237,"column":8},"end":{"line":237,"column":8}},{"start":{"line":237,"column":8},"end":{"line":237,"column":8}}]},"12":{"line":238,"type":"if","locations":[{"start":{"line":238,"column":12},"end":{"line":238,"column":12}},{"start":{"line":238,"column":12},"end":{"line":238,"column":12}}]},"13":{"line":262,"type":"if","locations":[{"start":{"line":262,"column":8},"end":{"line":262,"column":8}},{"start":{"line":262,"column":8},"end":{"line":262,"column":8}}]},"14":{"line":267,"type":"if","locations":[{"start":{"line":267,"column":12},"end":{"line":267,"column":12}},{"start":{"line":267,"column":12},"end":{"line":267,"column":12}}]},"15":{"line":267,"type":"binary-expr","locations":[{"start":{"line":267,"column":16},"end":{"line":267,"column":29}},{"start":{"line":267,"column":33},"end":{"line":267,"column":52}}]},"16":{"line":276,"type":"binary-expr","locations":[{"start":{"line":276,"column":24},"end":{"line":276,"column":39}},{"start":{"line":276,"column":43},"end":{"line":276,"column":70}}]},"17":{"line":279,"type":"cond-expr","locations":[{"start":{"line":279,"column":35},"end":{"line":279,"column":48}},{"start":{"line":279,"column":51},"end":{"line":279,"column":53}}]},"18":{"line":279,"type":"cond-expr","locations":[{"start":{"line":279,"column":68},"end":{"line":279,"column":88}},{"start":{"line":279,"column":91},"end":{"line":279,"column":93}}]},"19":{"line":344,"type":"if","locations":[{"start":{"line":344,"column":8},"end":{"line":344,"column":8}},{"start":{"line":344,"column":8},"end":{"line":344,"column":8}}]},"20":{"line":347,"type":"if","locations":[{"start":{"line":347,"column":15},"end":{"line":347,"column":15}},{"start":{"line":347,"column":15},"end":{"line":347,"column":15}}]}}},"/home/ubuntu/nightingale/lib/LogLevel.js":{"path":"/home/ubuntu/nightingale/lib/LogLevel.js","s":{"1":1,"2":1,"3":1},"b":{},"f":{},"fnMap":{},"statementMap":{"1":{"start":{"line":3,"column":0},"end":{"line":5,"column":3}},"2":{"start":{"line":25,"column":0},"end":{"line":50,"column":3}},"3":{"start":{"line":51,"column":0},"end":{"line":51,"column":27}}},"branchMap":{}},"/home/ubuntu/nightingale/lib/handlers/StringHandler.js":{"path":"/home/ubuntu/nightingale/lib/handlers/StringHandler.js","s":{"1":1,"2":1,"3":1,"4":1,"5":1,"6":1,"7":1,"8":1,"9":1,"10":1,"11":1,"12":1,"13":1,"14":0,"15":0,"16":0,"17":0,"18":0,"19":0,"20":0,"21":1,"22":3,"23":1,"24":8,"25":8,"26":1},"b":{"1":[1,0],"2":[1,1],"3":[0,0],"4":[0,0],"5":[3,0],"6":[3,3]},"f":{"1":1,"2":3,"3":8,"4":8},"fnMap":{"1":{"name":"_interopRequireWildcard","line":28,"loc":{"start":{"line":28,"column":0},"end":{"line":28,"column":38}}},"2":{"name":"_interopRequireDefault","line":34,"loc":{"start":{"line":34,"column":0},"end":{"line":34,"column":37}}},"3":{"name":"(anonymous_3)","line":40,"loc":{"start":{"line":40,"column":15},"end":{"line":40,"column":26}}},"4":{"name":"(anonymous_4)","line":46,"loc":{"start":{"line":46,"column":16},"end":{"line":46,"column":19}}}},"statementMap":{"1":{"start":{"line":3,"column":0},"end":{"line":5,"column":3}},"2":{"start":{"line":6,"column":0},"end":{"line":6,"column":28}},"3":{"start":{"line":8,"column":0},"end":{"line":8,"column":37}},"4":{"start":{"line":10,"column":0},"end":{"line":10,"column":49}},"5":{"start":{"line":12,"column":0},"end":{"line":12,"column":57}},"6":{"start":{"line":14,"column":0},"end":{"line":14,"column":61}},"7":{"start":{"line":16,"column":0},"end":{"line":16,"column":58}},"8":{"start":{"line":18,"column":0},"end":{"line":18,"column":58}},"9":{"start":{"line":20,"column":0},"end":{"line":20,"column":55}},"10":{"start":{"line":22,"column":0},"end":{"line":22,"column":59}},"11":{"start":{"line":28,"column":0},"end":{"line":28,"column":269}},"12":{"start":{"line":28,"column":40},"end":{"line":28,"column":267}},"13":{"start":{"line":28,"column":69},"end":{"line":28,"column":80}},"14":{"start":{"line":28,"column":90},"end":{"line":28,"column":106}},"15":{"start":{"line":28,"column":107},"end":{"line":28,"column":228}},"16":{"start":{"line":28,"column":126},"end":{"line":28,"column":226}},"17":{"start":{"line":28,"column":149},"end":{"line":28,"column":224}},"18":{"start":{"line":28,"column":201},"end":{"line":28,"column":224}},"19":{"start":{"line":28,"column":229},"end":{"line":28,"column":250}},"20":{"start":{"line":28,"column":251},"end":{"line":28,"column":265}},"21":{"start":{"line":34,"column":0},"end":{"line":34,"column":95}},"22":{"start":{"line":34,"column":39},"end":{"line":34,"column":93}},"23":{"start":{"line":36,"column":0},"end":{"line":50,"column":2}},"24":{"start":{"line":41,"column":8},"end":{"line":41,"column":97}},"25":{"start":{"line":47,"column":8},"end":{"line":47,"column":34}},"26":{"start":{"line":51,"column":0},"end":{"line":51,"column":32}}},"branchMap":{"1":{"line":28,"type":"if","locations":[{"start":{"line":28,"column":40},"end":{"line":28,"column":40}},{"start":{"line":28,"column":40},"end":{"line":28,"column":40}}]},"2":{"line":28,"type":"binary-expr","locations":[{"start":{"line":28,"column":44},"end":{"line":28,"column":47}},{"start":{"line":28,"column":51},"end":{"line":28,"column":65}}]},"3":{"line":28,"type":"if","locations":[{"start":{"line":28,"column":107},"end":{"line":28,"column":107}},{"start":{"line":28,"column":107},"end":{"line":28,"column":107}}]},"4":{"line":28,"type":"if","locations":[{"start":{"line":28,"column":149},"end":{"line":28,"column":149}},{"start":{"line":28,"column":149},"end":{"line":28,"column":149}}]},"5":{"line":34,"type":"cond-expr","locations":[{"start":{"line":34,"column":70},"end":{"line":34,"column":73}},{"start":{"line":34,"column":76},"end":{"line":34,"column":92}}]},"6":{"line":34,"type":"binary-expr","locations":[{"start":{"line":34,"column":46},"end":{"line":34,"column":49}},{"start":{"line":34,"column":53},"end":{"line":34,"column":67}}]}}},"/home/ubuntu/nightingale/lib/Handler.js":{"path":"/home/ubuntu/nightingale/lib/Handler.js","s":{"1":1,"2":1,"3":1,"4":1,"5":1,"6":1,"7":1,"8":9,"9":9,"10":9,"11":9,"12":99,"13":1,"14":10,"15":0,"16":10,"17":10,"18":1},"b":{"1":[1,0],"2":[1,1],"3":[1,98],"4":[0,10]},"f":{"1":1,"2":9,"3":0,"4":10},"fnMap":{"1":{"name":"_interopRequireDefault","line":16,"loc":{"start":{"line":16,"column":0},"end":{"line":16,"column":37}}},"2":{"name":"(anonymous_2)","line":29,"loc":{"start":{"line":29,"column":15},"end":{"line":29,"column":42}}},"3":{"name":"(anonymous_3)","line":38,"loc":{"start":{"line":38,"column":38},"end":{"line":38,"column":50}}},"4":{"name":"(anonymous_4)","line":46,"loc":{"start":{"line":46,"column":10},"end":{"line":46,"column":19}}}},"statementMap":{"1":{"start":{"line":3,"column":0},"end":{"line":5,"column":3}},"2":{"start":{"line":6,"column":0},"end":{"line":6,"column":28}},"3":{"start":{"line":8,"column":0},"end":{"line":8,"column":34}},"4":{"start":{"line":10,"column":0},"end":{"line":10,"column":47}},"5":{"start":{"line":16,"column":0},"end":{"line":16,"column":95}},"6":{"start":{"line":16,"column":39},"end":{"line":16,"column":93}},"7":{"start":{"line":23,"column":0},"end":{"line":54,"column":2}},"8":{"start":{"line":30,"column":8},"end":{"line":30,"column":33}},"9":{"start":{"line":31,"column":8},"end":{"line":31,"column":29}},"10":{"start":{"line":32,"column":8},"end":{"line":32,"column":29}},"11":{"start":{"line":34,"column":8},"end":{"line":40,"column":11}},"12":{"start":{"line":35,"column":12},"end":{"line":39,"column":13}},"13":{"start":{"line":36,"column":16},"end":{"line":38,"column":53}},"14":{"start":{"line":47,"column":8},"end":{"line":49,"column":9}},"15":{"start":{"line":48,"column":12},"end":{"line":48,"column":19}},"16":{"start":{"line":51,"column":8},"end":{"line":51,"column":53}},"17":{"start":{"line":52,"column":8},"end":{"line":52,"column":37}},"18":{"start":{"line":55,"column":0},"end":{"line":55,"column":26}}},"branchMap":{"1":{"line":16,"type":"cond-expr","locations":[{"start":{"line":16,"column":70},"end":{"line":16,"column":73}},{"start":{"line":16,"column":76},"end":{"line":16,"column":92}}]},"2":{"line":16,"type":"binary-expr","locations":[{"start":{"line":16,"column":46},"end":{"line":16,"column":49}},{"start":{"line":16,"column":53},"end":{"line":16,"column":67}}]},"3":{"line":35,"type":"if","locations":[{"start":{"line":35,"column":12},"end":{"line":35,"column":12}},{"start":{"line":35,"column":12},"end":{"line":35,"column":12}}]},"4":{"line":47,"type":"if","locations":[{"start":{"line":47,"column":8},"end":{"line":47,"column":8}},{"start":{"line":47,"column":8},"end":{"line":47,"column":8}}]}}},"/home/ubuntu/nightingale/lib/levels.js":{"path":"/home/ubuntu/nightingale/lib/levels.js","s":{"1":1,"2":1,"3":1,"4":1,"5":1,"6":1,"7":11,"8":1},"b":{"1":[1,0],"2":[1,1]},"f":{"1":1},"fnMap":{"1":{"name":"_interopRequireDefault","line":15,"loc":{"start":{"line":15,"column":0},"end":{"line":15,"column":37}}}},"statementMap":{"1":{"start":{"line":3,"column":0},"end":{"line":5,"column":3}},"2":{"start":{"line":7,"column":0},"end":{"line":7,"column":38}},"3":{"start":{"line":9,"column":0},"end":{"line":9,"column":51}},"4":{"start":{"line":15,"column":0},"end":{"line":15,"column":95}},"5":{"start":{"line":15,"column":39},"end":{"line":15,"column":93}},"6":{"start":{"line":17,"column":0},"end":{"line":23,"column":3}},"7":{"start":{"line":18,"column":4},"end":{"line":22,"column":6}},"8":{"start":{"line":25,"column":0},"end":{"line":25,"column":25}}},"branchMap":{"1":{"line":15,"type":"cond-expr","locations":[{"start":{"line":15,"column":70},"end":{"line":15,"column":73}},{"start":{"line":15,"column":76},"end":{"line":15,"column":92}}]},"2":{"line":15,"type":"binary-expr","locations":[{"start":{"line":15,"column":46},"end":{"line":15,"column":49}},{"start":{"line":15,"column":53},"end":{"line":15,"column":67}}]}}},"/home/ubuntu/nightingale/lib/layouts/LayoutDefault.js":{"path":"/home/ubuntu/nightingale/lib/layouts/LayoutDefault.js","s":{"1":1,"2":1,"3":9,"4":10,"5":1},"b":{},"f":{"1":9,"2":10},"fnMap":{"1":{"name":"(anonymous_1)","line":10,"loc":{"start":{"line":10,"column":15},"end":{"line":10,"column":27}}},"2":{"name":"(anonymous_2)","line":16,"loc":{"start":{"line":16,"column":12},"end":{"line":16,"column":21}}}},"statementMap":{"1":{"start":{"line":3,"column":0},"end":{"line":5,"column":3}},"2":{"start":{"line":6,"column":0},"end":{"line":19,"column":2}},"3":{"start":{"line":11,"column":8},"end":{"line":11,"column":35}},"4":{"start":{"line":17,"column":8},"end":{"line":17,"column":54}},"5":{"start":{"line":20,"column":0},"end":{"line":20,"column":32}}},"branchMap":{}},"/home/ubuntu/nightingale/lib/formatters/formatterRaw.js":{"path":"/home/ubuntu/nightingale/lib/formatters/formatterRaw.js","s":{"1":1,"2":1,"3":1,"4":8,"5":1,"6":1,"7":14},"b":{},"f":{"1":8,"2":14},"fnMap":{"1":{"name":"get","line":13,"loc":{"start":{"line":13,"column":11},"end":{"line":13,"column":26}}},"2":{"name":"style","line":22,"loc":{"start":{"line":22,"column":2},"end":{"line":22,"column":33}}}},"statementMap":{"1":{"start":{"line":3,"column":0},"end":{"line":5,"column":3}},"2":{"start":{"line":7,"column":0},"end":{"line":7,"column":48}},"3":{"start":{"line":9,"column":0},"end":{"line":16,"column":3}},"4":{"start":{"line":14,"column":8},"end":{"line":14,"column":37}},"5":{"start":{"line":17,"column":0},"end":{"line":17,"column":22}},"6":{"start":{"line":22,"column":2},"end":{"line":24,"column":1}},"7":{"start":{"line":23,"column":4},"end":{"line":23,"column":18}}},"branchMap":{}},"/home/ubuntu/nightingale/lib/formatters/formatterANSI.js":{"path":"/home/ubuntu/nightingale/lib/formatters/formatterANSI.js","s":{"1":1,"2":1,"3":1,"4":1,"5":1,"6":1,"7":1,"8":1,"9":1,"10":1,"11":3,"12":1,"13":5,"14":0,"15":5,"16":9,"17":9,"18":0,"19":9,"20":1,"21":11,"22":11,"23":10,"24":1,"25":1,"26":1,"27":10,"28":10,"29":0,"30":10,"31":10,"32":0,"33":10,"34":10,"35":10,"36":10,"37":10,"38":10,"39":0,"40":10,"41":7,"42":10,"43":10,"44":10,"45":10,"46":1,"47":1,"48":1,"49":1,"50":1,"51":10,"52":10,"53":10,"54":0,"55":0,"56":0,"57":10},"b":{"1":[2,1],"2":[3,3],"3":[0,5],"4":[5,5,5],"5":[0,9],"6":[10,1],"7":[1,1],"8":[0,10],"9":[10,0],"10":[0,10],"11":[10,8],"12":[10,8],"13":[10,0],"14":[10,0],"15":[10,10],"16":[7,3],"17":[10,0],"18":[1,9],"19":[1,0],"20":[1,0],"21":[10,0],"22":[0,10],"23":[0,0]},"f":{"1":3,"2":5,"3":11,"4":10},"fnMap":{"1":{"name":"_interopRequireDefault","line":25,"loc":{"start":{"line":25,"column":0},"end":{"line":25,"column":37}}},"2":{"name":"style","line":31,"loc":{"start":{"line":31,"column":2},"end":{"line":31,"column":33}}},"3":{"name":"displayObject","line":51,"loc":{"start":{"line":51,"column":2},"end":{"line":51,"column":48}}},"4":{"name":"format","line":70,"loc":{"start":{"line":70,"column":2},"end":{"line":70,"column":26}}}},"statementMap":{"1":{"start":{"line":3,"column":0},"end":{"line":5,"column":3}},"2":{"start":{"line":6,"column":0},"end":{"line":6,"column":22}},"3":{"start":{"line":7,"column":0},"end":{"line":7,"column":24}},"4":{"start":{"line":9,"column":0},"end":{"line":9,"column":41}},"5":{"start":{"line":11,"column":0},"end":{"line":11,"column":55}},"6":{"start":{"line":13,"column":0},"end":{"line":13,"column":49}},"7":{"start":{"line":15,"column":0},"end":{"line":15,"column":61}},"8":{"start":{"line":17,"column":0},"end":{"line":17,"column":49}},"9":{"start":{"line":19,"column":0},"end":{"line":19,"column":61}},"10":{"start":{"line":25,"column":0},"end":{"line":25,"column":95}},"11":{"start":{"line":25,"column":39},"end":{"line":25,"column":93}},"12":{"start":{"line":31,"column":2},"end":{"line":45,"column":1}},"13":{"start":{"line":32,"column":4},"end":{"line":34,"column":5}},"14":{"start":{"line":33,"column":8},"end":{"line":33,"column":22}},"15":{"start":{"line":36,"column":4},"end":{"line":44,"column":15}},"16":{"start":{"line":37,"column":8},"end":{"line":37,"column":52}},"17":{"start":{"line":39,"column":8},"end":{"line":41,"column":9}},"18":{"start":{"line":40,"column":12},"end":{"line":40,"column":61}},"19":{"start":{"line":43,"column":8},"end":{"line":43,"column":49}},"20":{"start":{"line":51,"column":2},"end":{"line":61,"column":1}},"21":{"start":{"line":52,"column":4},"end":{"line":52,"column":37}},"22":{"start":{"line":54,"column":4},"end":{"line":56,"column":5}},"23":{"start":{"line":55,"column":8},"end":{"line":55,"column":15}},"24":{"start":{"line":58,"column":4},"end":{"line":60,"column":23}},"25":{"start":{"line":59,"column":8},"end":{"line":59,"column":109}},"26":{"start":{"line":70,"column":2},"end":{"line":131,"column":1}},"27":{"start":{"line":71,"column":4},"end":{"line":71,"column":20}},"28":{"start":{"line":72,"column":4},"end":{"line":74,"column":5}},"29":{"start":{"line":73,"column":8},"end":{"line":73,"column":54}},"30":{"start":{"line":76,"column":4},"end":{"line":83,"column":5}},"31":{"start":{"line":77,"column":8},"end":{"line":79,"column":9}},"32":{"start":{"line":78,"column":12},"end":{"line":78,"column":26}},"33":{"start":{"line":81,"column":8},"end":{"line":81,"column":93}},"34":{"start":{"line":85,"column":4},"end":{"line":85,"column":73}},"35":{"start":{"line":86,"column":4},"end":{"line":86,"column":72}},"36":{"start":{"line":88,"column":4},"end":{"line":94,"column":5}},"37":{"start":{"line":89,"column":8},"end":{"line":93,"column":9}},"38":{"start":{"line":90,"column":12},"end":{"line":90,"column":46}},"39":{"start":{"line":92,"column":12},"end":{"line":92,"column":37}},"40":{"start":{"line":96,"column":4},"end":{"line":98,"column":5}},"41":{"start":{"line":97,"column":8},"end":{"line":97,"column":46}},"42":{"start":{"line":100,"column":4},"end":{"line":102,"column":5}},"43":{"start":{"line":101,"column":8},"end":{"line":101,"column":22}},"44":{"start":{"line":104,"column":4},"end":{"line":104,"column":22}},"45":{"start":{"line":106,"column":4},"end":{"line":116,"column":5}},"46":{"start":{"line":107,"column":8},"end":{"line":107,"column":92}},"47":{"start":{"line":109,"column":8},"end":{"line":115,"column":9}},"48":{"start":{"line":110,"column":12},"end":{"line":112,"column":13}},"49":{"start":{"line":111,"column":16},"end":{"line":111,"column":30}},"50":{"start":{"line":114,"column":12},"end":{"line":114,"column":35}},"51":{"start":{"line":118,"column":4},"end":{"line":128,"column":5}},"52":{"start":{"line":119,"column":8},"end":{"line":119,"column":68}},"53":{"start":{"line":121,"column":8},"end":{"line":127,"column":9}},"54":{"start":{"line":122,"column":12},"end":{"line":124,"column":13}},"55":{"start":{"line":123,"column":16},"end":{"line":123,"column":30}},"56":{"start":{"line":126,"column":12},"end":{"line":126,"column":35}},"57":{"start":{"line":130,"column":4},"end":{"line":130,"column":18}}},"branchMap":{"1":{"line":25,"type":"cond-expr","locations":[{"start":{"line":25,"column":70},"end":{"line":25,"column":73}},{"start":{"line":25,"column":76},"end":{"line":25,"column":92}}]},"2":{"line":25,"type":"binary-expr","locations":[{"start":{"line":25,"column":46},"end":{"line":25,"column":49}},{"start":{"line":25,"column":53},"end":{"line":25,"column":67}}]},"3":{"line":32,"type":"if","locations":[{"start":{"line":32,"column":4},"end":{"line":32,"column":4}},{"start":{"line":32,"column":4},"end":{"line":32,"column":4}}]},"4":{"line":32,"type":"binary-expr","locations":[{"start":{"line":32,"column":8},"end":{"line":32,"column":15}},{"start":{"line":32,"column":19},"end":{"line":32,"column":33}},{"start":{"line":32,"column":37},"end":{"line":32,"column":44}}]},"5":{"line":39,"type":"if","locations":[{"start":{"line":39,"column":8},"end":{"line":39,"column":8}},{"start":{"line":39,"column":8},"end":{"line":39,"column":8}}]},"6":{"line":54,"type":"if","locations":[{"start":{"line":54,"column":4},"end":{"line":54,"column":4}},{"start":{"line":54,"column":4},"end":{"line":54,"column":4}}]},"7":{"line":59,"type":"binary-expr","locations":[{"start":{"line":59,"column":40},"end":{"line":59,"column":53}},{"start":{"line":59,"column":57},"end":{"line":59,"column":75}}]},"8":{"line":72,"type":"if","locations":[{"start":{"line":72,"column":4},"end":{"line":72,"column":4}},{"start":{"line":72,"column":4},"end":{"line":72,"column":4}}]},"9":{"line":76,"type":"if","locations":[{"start":{"line":76,"column":4},"end":{"line":76,"column":4}},{"start":{"line":76,"column":4},"end":{"line":76,"column":4}}]},"10":{"line":77,"type":"if","locations":[{"start":{"line":77,"column":8},"end":{"line":77,"column":8}},{"start":{"line":77,"column":8},"end":{"line":77,"column":8}}]},"11":{"line":85,"type":"binary-expr","locations":[{"start":{"line":85,"column":18},"end":{"line":85,"column":31}},{"start":{"line":85,"column":35},"end":{"line":85,"column":72}}]},"12":{"line":86,"type":"binary-expr","locations":[{"start":{"line":86,"column":17},"end":{"line":86,"column":30}},{"start":{"line":86,"column":34},"end":{"line":86,"column":71}}]},"13":{"line":88,"type":"if","locations":[{"start":{"line":88,"column":4},"end":{"line":88,"column":4}},{"start":{"line":88,"column":4},"end":{"line":88,"column":4}}]},"14":{"line":89,"type":"if","locations":[{"start":{"line":89,"column":8},"end":{"line":89,"column":8}},{"start":{"line":89,"column":8},"end":{"line":89,"column":8}}]},"15":{"line":89,"type":"binary-expr","locations":[{"start":{"line":89,"column":12},"end":{"line":89,"column":19}},{"start":{"line":89,"column":23},"end":{"line":89,"column":43}}]},"16":{"line":96,"type":"if","locations":[{"start":{"line":96,"column":4},"end":{"line":96,"column":4}},{"start":{"line":96,"column":4},"end":{"line":96,"column":4}}]},"17":{"line":100,"type":"if","locations":[{"start":{"line":100,"column":4},"end":{"line":100,"column":4}},{"start":{"line":100,"column":4},"end":{"line":100,"column":4}}]},"18":{"line":106,"type":"if","locations":[{"start":{"line":106,"column":4},"end":{"line":106,"column":4}},{"start":{"line":106,"column":4},"end":{"line":106,"column":4}}]},"19":{"line":109,"type":"if","locations":[{"start":{"line":109,"column":8},"end":{"line":109,"column":8}},{"start":{"line":109,"column":8},"end":{"line":109,"column":8}}]},"20":{"line":110,"type":"if","locations":[{"start":{"line":110,"column":12},"end":{"line":110,"column":12}},{"start":{"line":110,"column":12},"end":{"line":110,"column":12}}]},"21":{"line":118,"type":"if","locations":[{"start":{"line":118,"column":4},"end":{"line":118,"column":4}},{"start":{"line":118,"column":4},"end":{"line":118,"column":4}}]},"22":{"line":121,"type":"if","locations":[{"start":{"line":121,"column":8},"end":{"line":121,"column":8}},{"start":{"line":121,"column":8},"end":{"line":121,"column":8}}]},"23":{"line":122,"type":"if","locations":[{"start":{"line":122,"column":12},"end":{"line":122,"column":12}},{"start":{"line":122,"column":12},"end":{"line":122,"column":12}}]}}},"/home/ubuntu/nightingale/lib/formatters/_levelToSymbol.js":{"path":"/home/ubuntu/nightingale/lib/formatters/_levelToSymbol.js","s":{"1":1,"2":1,"3":1,"4":1,"5":1,"6":1,"7":1,"8":1,"9":1,"10":1,"11":1,"12":1,"13":1,"14":1,"15":1},"b":{"1":[1,0],"2":[1,1]},"f":{"1":1},"fnMap":{"1":{"name":"_interopRequireDefault","line":15,"loc":{"start":{"line":15,"column":0},"end":{"line":15,"column":37}}}},"statementMap":{"1":{"start":{"line":3,"column":0},"end":{"line":5,"column":3}},"2":{"start":{"line":7,"column":0},"end":{"line":7,"column":39}},"3":{"start":{"line":9,"column":0},"end":{"line":9,"column":51}},"4":{"start":{"line":15,"column":0},"end":{"line":15,"column":95}},"5":{"start":{"line":15,"column":39},"end":{"line":15,"column":93}},"6":{"start":{"line":17,"column":0},"end":{"line":17,"column":25}},"7":{"start":{"line":18,"column":0},"end":{"line":18,"column":46}},"8":{"start":{"line":19,"column":0},"end":{"line":19,"column":46}},"9":{"start":{"line":20,"column":0},"end":{"line":20,"column":45}},"10":{"start":{"line":21,"column":0},"end":{"line":21,"column":45}},"11":{"start":{"line":22,"column":0},"end":{"line":22,"column":46}},"12":{"start":{"line":23,"column":0},"end":{"line":23,"column":49}},"13":{"start":{"line":24,"column":0},"end":{"line":24,"column":46}},"14":{"start":{"line":25,"column":0},"end":{"line":25,"column":50}},"15":{"start":{"line":27,"column":0},"end":{"line":27,"column":32}}},"branchMap":{"1":{"line":15,"type":"cond-expr","locations":[{"start":{"line":15,"column":70},"end":{"line":15,"column":73}},{"start":{"line":15,"column":76},"end":{"line":15,"column":92}}]},"2":{"line":15,"type":"binary-expr","locations":[{"start":{"line":15,"column":46},"end":{"line":15,"column":49}},{"start":{"line":15,"column":53},"end":{"line":15,"column":67}}]}}},"/home/ubuntu/nightingale/lib/formatters/_levelToStyles.js":{"path":"/home/ubuntu/nightingale/lib/formatters/_levelToStyles.js","s":{"1":1,"2":1,"3":1,"4":1,"5":1,"6":1,"7":1,"8":1,"9":1,"10":1,"11":1,"12":1,"13":1,"14":1},"b":{"1":[1,0],"2":[1,1]},"f":{"1":1},"fnMap":{"1":{"name":"_interopRequireDefault","line":15,"loc":{"start":{"line":15,"column":0},"end":{"line":15,"column":37}}}},"statementMap":{"1":{"start":{"line":3,"column":0},"end":{"line":5,"column":3}},"2":{"start":{"line":7,"column":0},"end":{"line":7,"column":39}},"3":{"start":{"line":9,"column":0},"end":{"line":9,"column":51}},"4":{"start":{"line":15,"column":0},"end":{"line":15,"column":95}},"5":{"start":{"line":15,"column":39},"end":{"line":15,"column":93}},"6":{"start":{"line":17,"column":0},"end":{"line":17,"column":25}},"7":{"start":{"line":18,"column":0},"end":{"line":18,"column":51}},"8":{"start":{"line":19,"column":0},"end":{"line":19,"column":51}},"9":{"start":{"line":21,"column":0},"end":{"line":21,"column":52}},"10":{"start":{"line":22,"column":0},"end":{"line":22,"column":58}},"11":{"start":{"line":23,"column":0},"end":{"line":23,"column":61}},"12":{"start":{"line":24,"column":0},"end":{"line":24,"column":61}},"13":{"start":{"line":25,"column":0},"end":{"line":25,"column":65}},"14":{"start":{"line":27,"column":0},"end":{"line":27,"column":32}}},"branchMap":{"1":{"line":15,"type":"cond-expr","locations":[{"start":{"line":15,"column":70},"end":{"line":15,"column":73}},{"start":{"line":15,"column":76},"end":{"line":15,"column":92}}]},"2":{"line":15,"type":"binary-expr","locations":[{"start":{"line":15,"column":46},"end":{"line":15,"column":49}},{"start":{"line":15,"column":53},"end":{"line":15,"column":67}}]}}},"/home/ubuntu/nightingale/lib/outputs/OutputString.js":{"path":"/home/ubuntu/nightingale/lib/outputs/OutputString.js","s":{"1":1,"2":1,"3":8,"4":8,"5":8,"6":8,"7":1},"b":{},"f":{"1":8,"2":8,"3":8},"fnMap":{"1":{"name":"(anonymous_1)","line":7,"loc":{"start":{"line":7,"column":15},"end":{"line":7,"column":18}}},"2":{"name":"(anonymous_2)","line":13,"loc":{"start":{"line":13,"column":16},"end":{"line":13,"column":19}}},"3":{"name":"(anonymous_3)","line":20,"loc":{"start":{"line":20,"column":11},"end":{"line":20,"column":27}}}},"statementMap":{"1":{"start":{"line":3,"column":0},"end":{"line":5,"column":3}},"2":{"start":{"line":6,"column":0},"end":{"line":24,"column":2}},"3":{"start":{"line":8,"column":8},"end":{"line":8,"column":26}},"4":{"start":{"line":14,"column":8},"end":{"line":14,"column":28}},"5":{"start":{"line":21,"column":8},"end":{"line":21,"column":28}},"6":{"start":{"line":22,"column":8},"end":{"line":22,"column":20}},"7":{"start":{"line":25,"column":0},"end":{"line":25,"column":31}}},"branchMap":{}},"/home/ubuntu/nightingale/lib/formatters/formatterHtml.js":{"path":"/home/ubuntu/nightingale/lib/formatters/formatterHtml.js","s":{"1":1,"2":1,"3":1,"4":1,"5":1,"6":1,"7":1,"8":1,"9":1,"10":0,"11":1,"12":2,"13":1,"14":0,"15":0,"16":0,"17":0,"18":0,"19":0,"20":0,"21":0,"22":0,"23":0,"24":0,"25":0},"b":{"1":[1,0],"2":[1,1],"3":[0,1],"4":[1,1,1],"5":[0,0],"6":[0,0],"7":[0,0],"8":[0,0],"9":[0,0]},"f":{"1":1,"2":1,"3":0},"fnMap":{"1":{"name":"_interopRequireDefault","line":17,"loc":{"start":{"line":17,"column":0},"end":{"line":17,"column":37}}},"2":{"name":"style","line":23,"loc":{"start":{"line":23,"column":2},"end":{"line":23,"column":33}}},"3":{"name":"format","line":38,"loc":{"start":{"line":38,"column":2},"end":{"line":38,"column":26}}}},"statementMap":{"1":{"start":{"line":3,"column":0},"end":{"line":5,"column":3}},"2":{"start":{"line":6,"column":0},"end":{"line":6,"column":22}},"3":{"start":{"line":7,"column":0},"end":{"line":7,"column":24}},"4":{"start":{"line":9,"column":0},"end":{"line":9,"column":55}},"5":{"start":{"line":11,"column":0},"end":{"line":11,"column":67}},"6":{"start":{"line":17,"column":0},"end":{"line":17,"column":95}},"7":{"start":{"line":17,"column":39},"end":{"line":17,"column":93}},"8":{"start":{"line":23,"column":2},"end":{"line":29,"column":1}},"9":{"start":{"line":24,"column":4},"end":{"line":26,"column":5}},"10":{"start":{"line":25,"column":8},"end":{"line":25,"column":22}},"11":{"start":{"line":28,"column":4},"end":{"line":28,"column":125}},"12":{"start":{"line":28,"column":52},"end":{"line":28,"column":89}},"13":{"start":{"line":38,"column":2},"end":{"line":62,"column":1}},"14":{"start":{"line":39,"column":4},"end":{"line":39,"column":20}},"15":{"start":{"line":40,"column":4},"end":{"line":42,"column":5}},"16":{"start":{"line":41,"column":8},"end":{"line":41,"column":40}},"17":{"start":{"line":44,"column":4},"end":{"line":47,"column":5}},"18":{"start":{"line":45,"column":8},"end":{"line":45,"column":85}},"19":{"start":{"line":49,"column":4},"end":{"line":51,"column":5}},"20":{"start":{"line":50,"column":8},"end":{"line":50,"column":33}},"21":{"start":{"line":53,"column":4},"end":{"line":55,"column":5}},"22":{"start":{"line":54,"column":8},"end":{"line":54,"column":49}},"23":{"start":{"line":57,"column":4},"end":{"line":59,"column":5}},"24":{"start":{"line":58,"column":8},"end":{"line":58,"column":47}},"25":{"start":{"line":61,"column":4},"end":{"line":61,"column":18}}},"branchMap":{"1":{"line":17,"type":"cond-expr","locations":[{"start":{"line":17,"column":70},"end":{"line":17,"column":73}},{"start":{"line":17,"column":76},"end":{"line":17,"column":92}}]},"2":{"line":17,"type":"binary-expr","locations":[{"start":{"line":17,"column":46},"end":{"line":17,"column":49}},{"start":{"line":17,"column":53},"end":{"line":17,"column":67}}]},"3":{"line":24,"type":"if","locations":[{"start":{"line":24,"column":4},"end":{"line":24,"column":4}},{"start":{"line":24,"column":4},"end":{"line":24,"column":4}}]},"4":{"line":24,"type":"binary-expr","locations":[{"start":{"line":24,"column":8},"end":{"line":24,"column":15}},{"start":{"line":24,"column":19},"end":{"line":24,"column":33}},{"start":{"line":24,"column":37},"end":{"line":24,"column":44}}]},"5":{"line":40,"type":"if","locations":[{"start":{"line":40,"column":4},"end":{"line":40,"column":4}},{"start":{"line":40,"column":4},"end":{"line":40,"column":4}}]},"6":{"line":44,"type":"if","locations":[{"start":{"line":44,"column":4},"end":{"line":44,"column":4}},{"start":{"line":44,"column":4},"end":{"line":44,"column":4}}]},"7":{"line":49,"type":"if","locations":[{"start":{"line":49,"column":4},"end":{"line":49,"column":4}},{"start":{"line":49,"column":4},"end":{"line":49,"column":4}}]},"8":{"line":53,"type":"if","locations":[{"start":{"line":53,"column":4},"end":{"line":53,"column":4}},{"start":{"line":53,"column":4},"end":{"line":53,"column":4}}]},"9":{"line":57,"type":"if","locations":[{"start":{"line":57,"column":4},"end":{"line":57,"column":4}},{"start":{"line":57,"column":4},"end":{"line":57,"column":4}}]}}},"/home/ubuntu/nightingale/lib/formatters/_styleToHtmlStyle.js":{"path":"/home/ubuntu/nightingale/lib/formatters/_styleToHtmlStyle.js","s":{"1":1,"2":1,"3":1},"b":{},"f":{},"fnMap":{},"statementMap":{"1":{"start":{"line":3,"column":0},"end":{"line":5,"column":3}},"2":{"start":{"line":6,"column":0},"end":{"line":34,"column":2}},"3":{"start":{"line":36,"column":0},"end":{"line":36,"column":29}}},"branchMap":{}},"/home/ubuntu/nightingale/lib/formatters/formatterJSON.js":{"path":"/home/ubuntu/nightingale/lib/formatters/formatterJSON.js","s":{"1":1,"2":1,"3":1,"4":1,"5":0,"6":1,"7":1},"b":{},"f":{"1":0,"2":1},"fnMap":{"1":{"name":"style","line":12,"loc":{"start":{"line":12,"column":2},"end":{"line":12,"column":33}}},"2":{"name":"format","line":23,"loc":{"start":{"line":23,"column":2},"end":{"line":23,"column":26}}}},"statementMap":{"1":{"start":{"line":3,"column":0},"end":{"line":5,"column":3}},"2":{"start":{"line":6,"column":0},"end":{"line":6,"column":22}},"3":{"start":{"line":7,"column":0},"end":{"line":7,"column":24}},"4":{"start":{"line":12,"column":2},"end":{"line":14,"column":1}},"5":{"start":{"line":13,"column":4},"end":{"line":13,"column":18}},"6":{"start":{"line":23,"column":2},"end":{"line":31,"column":1}},"7":{"start":{"line":24,"column":4},"end":{"line":30,"column":6}}},"branchMap":{}},"/home/ubuntu/nightingale/lib/handlers/ConsoleHandler.js":{"path":"/home/ubuntu/nightingale/lib/handlers/ConsoleHandler.js","s":{"1":1,"2":1,"3":1,"4":1,"5":1,"6":1,"7":1,"8":1,"9":1,"10":1,"11":1,"12":1,"13":1,"14":2,"15":2,"16":0,"17":0,"18":0,"19":0,"20":0,"21":0,"22":0,"23":1,"24":3,"25":1,"26":1,"27":1,"28":0,"29":0,"30":0,"31":0,"32":1,"33":1},"b":{"1":[2,0],"2":[2,2],"3":[0,0],"4":[0,0],"5":[3,0],"6":[3,3],"7":[1,0,1],"8":[0,1],"9":[1,0],"10":[0,0],"11":[0,0],"12":[0,0],"13":[0,0],"14":[0,0]},"f":{"1":2,"2":3,"3":1},"fnMap":{"1":{"name":"_interopRequireWildcard","line":32,"loc":{"start":{"line":32,"column":0},"end":{"line":32,"column":38}}},"2":{"name":"_interopRequireDefault","line":38,"loc":{"start":{"line":38,"column":0},"end":{"line":38,"column":37}}},"3":{"name":"(anonymous_3)","line":47,"loc":{"start":{"line":47,"column":15},"end":{"line":47,"column":32}}}},"statementMap":{"1":{"start":{"line":3,"column":0},"end":{"line":5,"column":3}},"2":{"start":{"line":6,"column":0},"end":{"line":6,"column":28}},"3":{"start":{"line":8,"column":0},"end":{"line":8,"column":37}},"4":{"start":{"line":10,"column":0},"end":{"line":10,"column":49}},"5":{"start":{"line":12,"column":0},"end":{"line":12,"column":39}},"6":{"start":{"line":14,"column":0},"end":{"line":14,"column":51}},"7":{"start":{"line":16,"column":0},"end":{"line":16,"column":57}},"8":{"start":{"line":18,"column":0},"end":{"line":18,"column":61}},"9":{"start":{"line":20,"column":0},"end":{"line":20,"column":60}},"10":{"start":{"line":22,"column":0},"end":{"line":22,"column":60}},"11":{"start":{"line":24,"column":0},"end":{"line":24,"column":57}},"12":{"start":{"line":26,"column":0},"end":{"line":26,"column":60}},"13":{"start":{"line":32,"column":0},"end":{"line":32,"column":269}},"14":{"start":{"line":32,"column":40},"end":{"line":32,"column":267}},"15":{"start":{"line":32,"column":69},"end":{"line":32,"column":80}},"16":{"start":{"line":32,"column":90},"end":{"line":32,"column":106}},"17":{"start":{"line":32,"column":107},"end":{"line":32,"column":228}},"18":{"start":{"line":32,"column":126},"end":{"line":32,"column":226}},"19":{"start":{"line":32,"column":149},"end":{"line":32,"column":224}},"20":{"start":{"line":32,"column":201},"end":{"line":32,"column":224}},"21":{"start":{"line":32,"column":229},"end":{"line":32,"column":250}},"22":{"start":{"line":32,"column":251},"end":{"line":32,"column":265}},"23":{"start":{"line":38,"column":0},"end":{"line":38,"column":95}},"24":{"start":{"line":38,"column":39},"end":{"line":38,"column":93}},"25":{"start":{"line":40,"column":0},"end":{"line":40,"column":76}},"26":{"start":{"line":42,"column":0},"end":{"line":59,"column":2}},"27":{"start":{"line":48,"column":8},"end":{"line":55,"column":9}},"28":{"start":{"line":49,"column":12},"end":{"line":49,"column":83}},"29":{"start":{"line":50,"column":12},"end":{"line":52,"column":13}},"30":{"start":{"line":51,"column":16},"end":{"line":51,"column":71}},"31":{"start":{"line":54,"column":12},"end":{"line":54,"column":92}},"32":{"start":{"line":57,"column":8},"end":{"line":57,"column":83}},"33":{"start":{"line":60,"column":0},"end":{"line":60,"column":33}}},"branchMap":{"1":{"line":32,"type":"if","locations":[{"start":{"line":32,"column":40},"end":{"line":32,"column":40}},{"start":{"line":32,"column":40},"end":{"line":32,"column":40}}]},"2":{"line":32,"type":"binary-expr","locations":[{"start":{"line":32,"column":44},"end":{"line":32,"column":47}},{"start":{"line":32,"column":51},"end":{"line":32,"column":65}}]},"3":{"line":32,"type":"if","locations":[{"start":{"line":32,"column":107},"end":{"line":32,"column":107}},{"start":{"line":32,"column":107},"end":{"line":32,"column":107}}]},"4":{"line":32,"type":"if","locations":[{"start":{"line":32,"column":149},"end":{"line":32,"column":149}},{"start":{"line":32,"column":149},"end":{"line":32,"column":149}}]},"5":{"line":38,"type":"cond-expr","locations":[{"start":{"line":38,"column":70},"end":{"line":38,"column":73}},{"start":{"line":38,"column":76},"end":{"line":38,"column":92}}]},"6":{"line":38,"type":"binary-expr","locations":[{"start":{"line":38,"column":46},"end":{"line":38,"column":49}},{"start":{"line":38,"column":53},"end":{"line":38,"column":67}}]},"7":{"line":40,"type":"binary-expr","locations":[{"start":{"line":40,"column":20},"end":{"line":40,"column":37}},{"start":{"line":40,"column":41},"end":{"line":40,"column":69}},{"start":{"line":40,"column":73},"end":{"line":40,"column":75}}]},"8":{"line":48,"type":"if","locations":[{"start":{"line":48,"column":8},"end":{"line":48,"column":8}},{"start":{"line":48,"column":8},"end":{"line":48,"column":8}}]},"9":{"line":48,"type":"binary-expr","locations":[{"start":{"line":48,"column":12},"end":{"line":48,"column":16}},{"start":{"line":48,"column":20},"end":{"line":48,"column":55}}]},"10":{"line":49,"type":"binary-expr","locations":[{"start":{"line":49,"column":24},"end":{"line":49,"column":46}},{"start":{"line":49,"column":50},"end":{"line":49,"column":82}}]},"11":{"line":50,"type":"if","locations":[{"start":{"line":50,"column":12},"end":{"line":50,"column":12}},{"start":{"line":50,"column":12},"end":{"line":50,"column":12}}]},"12":{"line":50,"type":"binary-expr","locations":[{"start":{"line":50,"column":16},"end":{"line":50,"column":22}},{"start":{"line":50,"column":26},"end":{"line":50,"column":44}}]},"13":{"line":54,"type":"cond-expr","locations":[{"start":{"line":54,"column":31},"end":{"line":54,"column":53}},{"start":{"line":54,"column":56},"end":{"line":54,"column":91}}]},"14":{"line":54,"type":"binary-expr","locations":[{"start":{"line":54,"column":56},"end":{"line":54,"column":64}},{"start":{"line":54,"column":68},"end":{"line":54,"column":91}}]}}},"/home/ubuntu/nightingale/lib/outputs/outputConsole.js":{"path":"/home/ubuntu/nightingale/lib/outputs/outputConsole.js","s":{"1":1,"2":1,"3":1,"4":1,"5":1,"6":1,"7":1,"8":2,"9":2},"b":{"1":[1,0],"2":[1,1],"3":[0,2]},"f":{"1":1,"2":2},"fnMap":{"1":{"name":"_interopRequireDefault","line":16,"loc":{"start":{"line":16,"column":0},"end":{"line":16,"column":37}}},"2":{"name":"write","line":22,"loc":{"start":{"line":22,"column":2},"end":{"line":22,"column":35}}}},"statementMap":{"1":{"start":{"line":3,"column":0},"end":{"line":5,"column":3}},"2":{"start":{"line":6,"column":0},"end":{"line":6,"column":22}},"3":{"start":{"line":8,"column":0},"end":{"line":8,"column":39}},"4":{"start":{"line":10,"column":0},"end":{"line":10,"column":51}},"5":{"start":{"line":16,"column":0},"end":{"line":16,"column":95}},"6":{"start":{"line":16,"column":39},"end":{"line":16,"column":93}},"7":{"start":{"line":22,"column":2},"end":{"line":25,"column":1}},"8":{"start":{"line":23,"column":4},"end":{"line":23,"column":76}},"9":{"start":{"line":24,"column":4},"end":{"line":24,"column":34}}},"branchMap":{"1":{"line":16,"type":"cond-expr","locations":[{"start":{"line":16,"column":70},"end":{"line":16,"column":73}},{"start":{"line":16,"column":76},"end":{"line":16,"column":92}}]},"2":{"line":16,"type":"binary-expr","locations":[{"start":{"line":16,"column":46},"end":{"line":16,"column":49}},{"start":{"line":16,"column":53},"end":{"line":16,"column":67}}]},"3":{"line":23,"type":"cond-expr","locations":[{"start":{"line":23,"column":56},"end":{"line":23,"column":64}},{"start":{"line":23,"column":67},"end":{"line":23,"column":75}}]}}},"/home/ubuntu/nightingale/lib/node.js":{"path":"/home/ubuntu/nightingale/lib/node.js","s":{"1":1,"2":1,"3":1,"4":1,"5":1,"6":1,"7":0,"8":1,"9":1,"10":1,"11":1,"12":2},"b":{"1":[2,0],"2":[2,2]},"f":{"1":1,"2":0,"3":1,"4":2},"fnMap":{"1":{"name":"get","line":13,"loc":{"start":{"line":13,"column":9},"end":{"line":13,"column":24}}},"2":{"name":"get","line":24,"loc":{"start":{"line":24,"column":9},"end":{"line":24,"column":24}}},"3":{"name":"get","line":35,"loc":{"start":{"line":35,"column":9},"end":{"line":35,"column":24}}},"4":{"name":"_interopRequireDefault","line":43,"loc":{"start":{"line":43,"column":0},"end":{"line":43,"column":37}}}},"statementMap":{"1":{"start":{"line":3,"column":0},"end":{"line":5,"column":3}},"2":{"start":{"line":7,"column":0},"end":{"line":7,"column":42}},"3":{"start":{"line":9,"column":0},"end":{"line":16,"column":3}},"4":{"start":{"line":14,"column":4},"end":{"line":14,"column":55}},"5":{"start":{"line":18,"column":0},"end":{"line":18,"column":48}},"6":{"start":{"line":20,"column":0},"end":{"line":27,"column":3}},"7":{"start":{"line":25,"column":4},"end":{"line":25,"column":58}},"8":{"start":{"line":29,"column":0},"end":{"line":29,"column":38}},"9":{"start":{"line":31,"column":0},"end":{"line":38,"column":3}},"10":{"start":{"line":36,"column":4},"end":{"line":36,"column":53}},"11":{"start":{"line":43,"column":0},"end":{"line":43,"column":95}},"12":{"start":{"line":43,"column":39},"end":{"line":43,"column":93}}},"branchMap":{"1":{"line":43,"type":"cond-expr","locations":[{"start":{"line":43,"column":70},"end":{"line":43,"column":73}},{"start":{"line":43,"column":76},"end":{"line":43,"column":92}}]},"2":{"line":43,"type":"binary-expr","locations":[{"start":{"line":43,"column":46},"end":{"line":43,"column":49}},{"start":{"line":43,"column":53},"end":{"line":43,"column":67}}]}}},"/home/ubuntu/nightingale/lib/NodeLogger.js":{"path":"/home/ubuntu/nightingale/lib/NodeLogger.js","s":{"1":1,"2":1,"3":1,"4":1,"5":1,"6":1,"7":1,"8":1,"9":0,"10":0,"11":0,"12":0,"13":0,"14":1},"b":{"1":[1,0],"2":[1,1],"3":[0,0],"4":[0,0]},"f":{"1":1,"2":0},"fnMap":{"1":{"name":"_interopRequireDefault","line":18,"loc":{"start":{"line":18,"column":0},"end":{"line":18,"column":37}}},"2":{"name":"(anonymous_2)","line":29,"loc":{"start":{"line":29,"column":9},"end":{"line":29,"column":43}}}},"statementMap":{"1":{"start":{"line":3,"column":0},"end":{"line":5,"column":3}},"2":{"start":{"line":6,"column":0},"end":{"line":6,"column":28}},"3":{"start":{"line":8,"column":0},"end":{"line":8,"column":34}},"4":{"start":{"line":10,"column":0},"end":{"line":10,"column":47}},"5":{"start":{"line":12,"column":0},"end":{"line":12,"column":36}},"6":{"start":{"line":18,"column":0},"end":{"line":18,"column":95}},"7":{"start":{"line":18,"column":39},"end":{"line":18,"column":93}},"8":{"start":{"line":20,"column":0},"end":{"line":38,"column":2}},"9":{"start":{"line":30,"column":8},"end":{"line":35,"column":9}},"10":{"start":{"line":31,"column":12},"end":{"line":31,"column":49}},"11":{"start":{"line":33,"column":12},"end":{"line":33,"column":60}},"12":{"start":{"line":34,"column":12},"end":{"line":34,"column":45}},"13":{"start":{"line":36,"column":8},"end":{"line":36,"column":60}},"14":{"start":{"line":39,"column":0},"end":{"line":39,"column":29}}},"branchMap":{"1":{"line":18,"type":"cond-expr","locations":[{"start":{"line":18,"column":70},"end":{"line":18,"column":73}},{"start":{"line":18,"column":76},"end":{"line":18,"column":92}}]},"2":{"line":18,"type":"binary-expr","locations":[{"start":{"line":18,"column":46},"end":{"line":18,"column":49}},{"start":{"line":18,"column":53},"end":{"line":18,"column":67}}]},"3":{"line":30,"type":"if","locations":[{"start":{"line":30,"column":8},"end":{"line":30,"column":8}},{"start":{"line":30,"column":8},"end":{"line":30,"column":8}}]},"4":{"line":31,"type":"binary-expr","locations":[{"start":{"line":31,"column":22},"end":{"line":31,"column":37}},{"start":{"line":31,"column":41},"end":{"line":31,"column":48}}]}}},"/home/ubuntu/nightingale/lib/ConsoleLogger.js":{"path":"/home/ubuntu/nightingale/lib/ConsoleLogger.js","s":{"1":1,"2":1,"3":1,"4":1,"5":1,"6":1,"7":1,"8":2,"9":1,"10":0,"11":0,"12":0,"13":1},"b":{"1":[2,0],"2":[2,2],"3":[0,0]},"f":{"1":2,"2":0},"fnMap":{"1":{"name":"_interopRequireDefault","line":20,"loc":{"start":{"line":20,"column":0},"end":{"line":20,"column":37}}},"2":{"name":"(anonymous_2)","line":37,"loc":{"start":{"line":37,"column":15},"end":{"line":37,"column":39}}}},"statementMap":{"1":{"start":{"line":3,"column":0},"end":{"line":5,"column":3}},"2":{"start":{"line":6,"column":0},"end":{"line":6,"column":28}},"3":{"start":{"line":8,"column":0},"end":{"line":8,"column":34}},"4":{"start":{"line":10,"column":0},"end":{"line":10,"column":47}},"5":{"start":{"line":12,"column":0},"end":{"line":12,"column":59}},"6":{"start":{"line":14,"column":0},"end":{"line":14,"column":63}},"7":{"start":{"line":20,"column":0},"end":{"line":20,"column":95}},"8":{"start":{"line":20,"column":39},"end":{"line":20,"column":93}},"9":{"start":{"line":32,"column":0},"end":{"line":44,"column":2}},"10":{"start":{"line":38,"column":8},"end":{"line":38,"column":69}},"11":{"start":{"line":40,"column":8},"end":{"line":42,"column":9}},"12":{"start":{"line":41,"column":12},"end":{"line":41,"column":42}},"13":{"start":{"line":45,"column":0},"end":{"line":45,"column":32}}},"branchMap":{"1":{"line":20,"type":"cond-expr","locations":[{"start":{"line":20,"column":70},"end":{"line":20,"column":73}},{"start":{"line":20,"column":76},"end":{"line":20,"column":92}}]},"2":{"line":20,"type":"binary-expr","locations":[{"start":{"line":20,"column":46},"end":{"line":20,"column":49}},{"start":{"line":20,"column":53},"end":{"line":20,"column":67}}]},"3":{"line":40,"type":"if","locations":[{"start":{"line":40,"column":8},"end":{"line":40,"column":8}},{"start":{"line":40,"column":8},"end":{"line":40,"column":8}}]}}}}