{"/home/ubuntu/nightingale/lib/index.js":{"path":"/home/ubuntu/nightingale/lib/index.js","s":{"1":1,"2":1,"3":1,"4":1,"5":1,"6":1,"7":0,"8":1,"9":0,"10":1,"11":0,"12":1,"13":1,"14":8,"15":1,"16":9},"b":{"1":[1,8],"2":[9,9]},"f":{"1":1,"2":0,"3":0,"4":0,"5":8,"6":9},"fnMap":{"1":{"name":"get","line":13,"loc":{"start":{"line":13,"column":9},"end":{"line":13,"column":24}}},"2":{"name":"get","line":24,"loc":{"start":{"line":24,"column":9},"end":{"line":24,"column":24}}},"3":{"name":"get","line":32,"loc":{"start":{"line":32,"column":9},"end":{"line":32,"column":24}}},"4":{"name":"get","line":40,"loc":{"start":{"line":40,"column":9},"end":{"line":40,"column":24}}},"5":{"name":"get","line":51,"loc":{"start":{"line":51,"column":9},"end":{"line":51,"column":24}}},"6":{"name":"_interopRequireDefault","line":59,"loc":{"start":{"line":59,"column":2},"end":{"line":59,"column":39}}}},"statementMap":{"1":{"start":{"line":3,"column":0},"end":{"line":5,"column":3}},"2":{"start":{"line":7,"column":0},"end":{"line":7,"column":55}},"3":{"start":{"line":9,"column":0},"end":{"line":16,"column":3}},"4":{"start":{"line":14,"column":4},"end":{"line":14,"column":62}},"5":{"start":{"line":18,"column":0},"end":{"line":18,"column":34}},"6":{"start":{"line":20,"column":0},"end":{"line":27,"column":3}},"7":{"start":{"line":25,"column":4},"end":{"line":25,"column":29}},"8":{"start":{"line":28,"column":0},"end":{"line":35,"column":3}},"9":{"start":{"line":33,"column":4},"end":{"line":33,"column":38}},"10":{"start":{"line":36,"column":0},"end":{"line":43,"column":3}},"11":{"start":{"line":41,"column":4},"end":{"line":41,"column":36}},"12":{"start":{"line":45,"column":0},"end":{"line":45,"column":55}},"13":{"start":{"line":47,"column":0},"end":{"line":54,"column":3}},"14":{"start":{"line":52,"column":4},"end":{"line":52,"column":62}},"15":{"start":{"line":59,"column":2},"end":{"line":59,"column":97}},"16":{"start":{"line":59,"column":41},"end":{"line":59,"column":95}}},"branchMap":{"1":{"line":59,"type":"cond-expr","locations":[{"start":{"line":59,"column":72},"end":{"line":59,"column":75}},{"start":{"line":59,"column":78},"end":{"line":59,"column":94}}]},"2":{"line":59,"type":"binary-expr","locations":[{"start":{"line":59,"column":48},"end":{"line":59,"column":51}},{"start":{"line":59,"column":55},"end":{"line":59,"column":69}}]}}},"/home/ubuntu/nightingale/lib/config.js":{"path":"/home/ubuntu/nightingale/lib/config.js","s":{"1":1,"2":1,"3":1,"4":1,"5":1,"6":1,"7":1,"8":1,"9":1,"10":1,"11":1,"12":1,"13":0,"14":1,"15":0,"16":0,"17":0,"18":0,"19":0,"20":0,"21":0,"22":0,"23":0,"24":0,"25":0,"26":0,"27":0,"28":0,"29":0,"30":0,"31":0,"32":0,"33":0,"34":0,"35":0,"36":0,"37":1,"38":0,"39":0,"40":1,"41":0,"42":0,"43":1,"44":0,"45":0,"46":0,"47":0,"48":0,"49":0,"50":0,"51":0,"52":0,"53":0,"54":0,"55":0,"56":0},"b":{"1":[1,0],"2":[0,0],"3":[0,0],"4":[0,0],"5":[0,0],"6":[0,0],"7":[0,0],"8":[0,0],"9":[0,0],"10":[0,0],"11":[0,0],"12":[0,0]},"f":{"1":0,"2":0,"3":0,"4":0,"5":0},"fnMap":{"1":{"name":"clearCache","line":25,"loc":{"start":{"line":25,"column":2},"end":{"line":25,"column":24}}},"2":{"name":"configure","line":32,"loc":{"start":{"line":32,"column":2},"end":{"line":32,"column":29}}},"3":{"name":"addGlobalProcessor","line":76,"loc":{"start":{"line":76,"column":2},"end":{"line":76,"column":41}}},"4":{"name":"addGlobalHandler","line":84,"loc":{"start":{"line":84,"column":2},"end":{"line":84,"column":37}}},"5":{"name":"(anonymous_5)","line":92,"loc":{"start":{"line":92,"column":47},"end":{"line":92,"column":62}}}},"statementMap":{"1":{"start":{"line":3,"column":0},"end":{"line":5,"column":3}},"2":{"start":{"line":6,"column":0},"end":{"line":6,"column":30}},"3":{"start":{"line":7,"column":0},"end":{"line":7,"column":48}},"4":{"start":{"line":8,"column":0},"end":{"line":8,"column":44}},"5":{"start":{"line":10,"column":0},"end":{"line":10,"column":38}},"6":{"start":{"line":12,"column":0},"end":{"line":21,"column":1}},"7":{"start":{"line":13,"column":4},"end":{"line":13,"column":37}},"8":{"start":{"line":14,"column":4},"end":{"line":14,"column":48}},"9":{"start":{"line":15,"column":4},"end":{"line":15,"column":46}},"10":{"start":{"line":16,"column":4},"end":{"line":16,"column":54}},"11":{"start":{"line":17,"column":4},"end":{"line":20,"column":6}},"12":{"start":{"line":25,"column":2},"end":{"line":27,"column":1}},"13":{"start":{"line":26,"column":4},"end":{"line":26,"column":50}},"14":{"start":{"line":32,"column":2},"end":{"line":71,"column":1}},"15":{"start":{"line":33,"column":4},"end":{"line":33,"column":37}},"16":{"start":{"line":34,"column":4},"end":{"line":34,"column":47}},"17":{"start":{"line":36,"column":4},"end":{"line":63,"column":7}},"18":{"start":{"line":37,"column":8},"end":{"line":43,"column":9}},"19":{"start":{"line":38,"column":12},"end":{"line":40,"column":13}},"20":{"start":{"line":39,"column":16},"end":{"line":39,"column":88}},"21":{"start":{"line":41,"column":12},"end":{"line":41,"column":37}},"22":{"start":{"line":42,"column":12},"end":{"line":42,"column":29}},"23":{"start":{"line":45,"column":8},"end":{"line":51,"column":9}},"24":{"start":{"line":46,"column":12},"end":{"line":48,"column":13}},"25":{"start":{"line":47,"column":16},"end":{"line":47,"column":88}},"26":{"start":{"line":49,"column":12},"end":{"line":49,"column":37}},"27":{"start":{"line":50,"column":12},"end":{"line":50,"column":29}},"28":{"start":{"line":53,"column":8},"end":{"line":62,"column":9}},"29":{"start":{"line":54,"column":12},"end":{"line":54,"column":95}},"30":{"start":{"line":54,"column":60},"end":{"line":54,"column":93}},"31":{"start":{"line":55,"column":12},"end":{"line":55,"column":48}},"32":{"start":{"line":57,"column":12},"end":{"line":59,"column":13}},"33":{"start":{"line":58,"column":16},"end":{"line":58,"column":90}},"34":{"start":{"line":61,"column":12},"end":{"line":61,"column":52}},"35":{"start":{"line":65,"column":4},"end":{"line":70,"column":5}},"36":{"start":{"line":66,"column":8},"end":{"line":69,"column":10}},"37":{"start":{"line":76,"column":2},"end":{"line":79,"column":1}},"38":{"start":{"line":77,"column":4},"end":{"line":77,"column":17}},"39":{"start":{"line":78,"column":4},"end":{"line":78,"column":59}},"40":{"start":{"line":84,"column":2},"end":{"line":87,"column":1}},"41":{"start":{"line":85,"column":4},"end":{"line":85,"column":17}},"42":{"start":{"line":86,"column":4},"end":{"line":86,"column":55}},"43":{"start":{"line":89,"column":0},"end":{"line":114,"column":2}},"44":{"start":{"line":93,"column":4},"end":{"line":93,"column":68}},"45":{"start":{"line":94,"column":4},"end":{"line":94,"column":64}},"46":{"start":{"line":95,"column":4},"end":{"line":95,"column":62}},"47":{"start":{"line":97,"column":4},"end":{"line":99,"column":5}},"48":{"start":{"line":98,"column":8},"end":{"line":98,"column":36}},"49":{"start":{"line":101,"column":4},"end":{"line":101,"column":99}},"50":{"start":{"line":101,"column":54},"end":{"line":101,"column":97}},"51":{"start":{"line":101,"column":84},"end":{"line":101,"column":96}},"52":{"start":{"line":102,"column":4},"end":{"line":104,"column":5}},"53":{"start":{"line":103,"column":8},"end":{"line":103,"column":52}},"54":{"start":{"line":106,"column":4},"end":{"line":110,"column":6}},"55":{"start":{"line":112,"column":4},"end":{"line":112,"column":39}},"56":{"start":{"line":113,"column":4},"end":{"line":113,"column":24}}},"branchMap":{"1":{"line":12,"type":"if","locations":[{"start":{"line":12,"column":0},"end":{"line":12,"column":0}},{"start":{"line":12,"column":0},"end":{"line":12,"column":0}}]},"2":{"line":37,"type":"if","locations":[{"start":{"line":37,"column":8},"end":{"line":37,"column":8}},{"start":{"line":37,"column":8},"end":{"line":37,"column":8}}]},"3":{"line":38,"type":"if","locations":[{"start":{"line":38,"column":12},"end":{"line":38,"column":12}},{"start":{"line":38,"column":12},"end":{"line":38,"column":12}}]},"4":{"line":45,"type":"if","locations":[{"start":{"line":45,"column":8},"end":{"line":45,"column":8}},{"start":{"line":45,"column":8},"end":{"line":45,"column":8}}]},"5":{"line":46,"type":"if","locations":[{"start":{"line":46,"column":12},"end":{"line":46,"column":12}},{"start":{"line":46,"column":12},"end":{"line":46,"column":12}}]},"6":{"line":53,"type":"if","locations":[{"start":{"line":53,"column":8},"end":{"line":53,"column":8}},{"start":{"line":53,"column":8},"end":{"line":53,"column":8}}]},"7":{"line":57,"type":"if","locations":[{"start":{"line":57,"column":12},"end":{"line":57,"column":12}},{"start":{"line":57,"column":12},"end":{"line":57,"column":12}}]},"8":{"line":65,"type":"if","locations":[{"start":{"line":65,"column":4},"end":{"line":65,"column":4}},{"start":{"line":65,"column":4},"end":{"line":65,"column":4}}]},"9":{"line":97,"type":"if","locations":[{"start":{"line":97,"column":4},"end":{"line":97,"column":4}},{"start":{"line":97,"column":4},"end":{"line":97,"column":4}}]},"10":{"line":102,"type":"if","locations":[{"start":{"line":102,"column":4},"end":{"line":102,"column":4}},{"start":{"line":102,"column":4},"end":{"line":102,"column":4}}]},"11":{"line":108,"type":"cond-expr","locations":[{"start":{"line":108,"column":35},"end":{"line":108,"column":72}},{"start":{"line":108,"column":75},"end":{"line":108,"column":89}}]},"12":{"line":109,"type":"cond-expr","locations":[{"start":{"line":109,"column":39},"end":{"line":109,"column":80}},{"start":{"line":109,"column":83},"end":{"line":109,"column":99}}]}}}}