TN:
SF:/home/ubuntu/nightingale/index.js
FNF:0
FNH:0
DA:1,1
DA:2,1
DA:3,1
DA:4,0
LF:4
LH:3
BRDA:2,1,0,1
BRDA:2,1,1,0
BRDA:2,2,0,1
BRDA:2,2,1,1
BRDA:3,3,0,1
BRDA:3,3,1,0
BRDA:4,4,0,0
BRDA:4,4,1,0
BRF:8
BRH:4
end_of_record
TN:
SF:/home/ubuntu/nightingale/lib-node6/index.js
FN:12,(anonymous_1)
FN:18,(anonymous_2)
FN:32,_interopRequireDefault
FN:42,listenUnhandledErrors
FNF:4
FNH:1
FNDA:0,(anonymous_1)
FNDA:0,(anonymous_2)
FNDA:2,_interopRequireDefault
FNDA:0,listenUnhandledErrors
DA:3,1
DA:6,1
DA:8,1
DA:10,1
DA:13,0
DA:16,1
DA:19,0
DA:22,1
DA:24,1
DA:26,1
DA:28,1
DA:30,1
DA:32,2
DA:34,1
DA:35,1
DA:42,1
DA:43,0
DA:44,0
DA:45,0
LF:19
LH:14
BRDA:32,1,0,1
BRDA:32,1,1,1
BRDA:32,2,0,2
BRDA:32,2,1,2
BRDA:43,3,0,0
BRDA:43,3,1,0
BRF:6
BRH:4
end_of_record
TN:
SF:/home/ubuntu/nightingale/lib-node6/config.js
FN:16,clearCache
FN:20,handleConfig
FN:59,configure
FN:69,addConfig
FN:81,getConfigForLogger
FN:103,getConfigForLoggerRecord
FNF:6
FNH:0
FNDA:0,clearCache
FNDA:0,handleConfig
FNDA:0,configure
FNDA:0,addConfig
FNDA:0,getConfigForLogger
FNDA:0,getConfigForLoggerRecord
DA:3,1
DA:6,1
DA:7,1
DA:10,1
DA:11,1
DA:12,1
DA:13,1
DA:16,1
DA:17,0
DA:20,1
DA:21,0
DA:22,0
DA:23,0
DA:25,0
DA:26,0
DA:28,0
DA:29,0
DA:30,0
DA:32,0
DA:33,0
DA:36,0
DA:37,0
DA:40,0
DA:41,0
DA:42,0
DA:44,0
DA:45,0
DA:48,0
DA:49,0
DA:50,0
DA:52,0
DA:53,0
DA:56,0
DA:59,1
DA:60,0
DA:62,0
DA:65,0
DA:66,0
DA:69,1
DA:70,0
DA:71,0
DA:72,0
DA:75,1
DA:76,0
DA:77,0
DA:78,0
DA:81,1
DA:82,0
DA:84,0
DA:85,0
DA:88,0
DA:93,0
DA:94,0
DA:95,0
DA:96,0
DA:99,0
DA:100,0
DA:103,1
DA:104,0
DA:106,0
DA:107,0
LF:61
LH:14
BRDA:10,1,0,1
BRDA:10,1,1,0
BRDA:21,2,0,0
BRDA:21,2,1,0
BRDA:22,3,0,0
BRDA:22,3,1,0
BRDA:25,4,0,0
BRDA:25,4,1,0
BRDA:28,5,0,0
BRDA:28,5,1,0
BRDA:29,6,0,0
BRDA:29,6,1,0
BRDA:36,7,0,0
BRDA:36,7,1,0
BRDA:40,8,0,0
BRDA:40,8,1,0
BRDA:41,9,0,0
BRDA:41,9,1,0
BRDA:48,10,0,0
BRDA:48,10,1,0
BRDA:49,11,0,0
BRDA:49,11,1,0
BRDA:60,12,0,0
BRDA:60,12,1,0
BRDA:71,13,0,0
BRDA:71,13,1,0
BRDA:76,14,0,0
BRDA:76,14,1,0
BRDA:77,15,0,0
BRDA:77,15,1,0
BRDA:84,16,0,0
BRDA:84,16,1,0
BRDA:94,17,0,0
BRDA:94,17,1,0
BRDA:95,18,0,0
BRDA:95,18,1,0
BRDA:107,19,0,0
BRDA:107,19,1,0
BRDA:107,19,2,0
BRF:39
BRH:1
end_of_record
