TN:
SF:/home/ubuntu/nightingale/index.js
FNF:0
FNH:0
DA:1,1
DA:2,1
DA:3,1
DA:4,0
DA:6,0
LF:5
LH:3
BRDA:2,1,0,1
BRDA:2,1,1,0
BRDA:2,2,0,1
BRDA:2,2,1,1
BRDA:3,3,0,0
BRDA:3,3,1,1
BRDA:4,4,0,0
BRDA:4,4,1,0
BRF:8
BRH:4
end_of_record
TN:
SF:/home/ubuntu/nightingale/lib-node6-dev/index.js
FN:12,get
FN:18,get
FN:24,get
FN:33,get
FN:42,_interopRequireDefault
FNF:5
FNH:2
FNDA:0,get
FNDA:0,get
FNDA:0,get
FNDA:8,get
FNDA:9,_interopRequireDefault
DA:3,1
DA:6,1
DA:8,1
DA:10,1
DA:13,0
DA:16,1
DA:19,0
DA:22,1
DA:25,0
DA:29,1
DA:31,1
DA:34,8
DA:38,1
DA:40,1
DA:42,9
DA:44,1
LF:16
LH:13
BRDA:42,1,0,1
BRDA:42,1,1,8
BRDA:42,2,0,9
BRDA:42,2,1,9
BRF:4
BRH:4
end_of_record
TN:
SF:/home/ubuntu/nightingale/lib-node6-dev/config.js
FN:23,clearCache
FN:27,configure
FN:70,addGlobalProcessor
FN:75,addGlobalHandler
FN:80,(anonymous_5)
FNF:5
FNH:0
FNDA:0,clearCache
FNDA:0,configure
FNDA:0,addGlobalProcessor
FNDA:0,addGlobalHandler
FNDA:0,(anonymous_5)
DA:3,1
DA:6,1
DA:7,1
DA:8,1
DA:10,1
DA:12,1
DA:13,1
DA:14,1
DA:15,1
DA:16,1
DA:17,1
DA:23,1
DA:24,0
DA:27,1
DA:28,0
DA:29,0
DA:31,0
DA:32,0
DA:33,0
DA:34,0
DA:36,0
DA:37,0
DA:40,0
DA:41,0
DA:42,0
DA:44,0
DA:45,0
DA:48,0
DA:49,0
DA:50,0
DA:52,0
DA:54,0
DA:55,0
DA:58,0
DA:62,0
DA:63,0
DA:70,1
DA:71,0
DA:72,0
DA:75,1
DA:76,0
DA:77,0
DA:80,1
DA:81,0
DA:82,0
DA:83,0
DA:85,0
DA:86,0
DA:89,0
DA:90,0
DA:91,0
DA:94,0
DA:95,0
DA:98,0
DA:104,0
DA:105,0
LF:56
LH:16
BRDA:12,1,0,1
BRDA:12,1,1,0
BRDA:32,2,0,0
BRDA:32,2,1,0
BRDA:33,3,0,0
BRDA:33,3,1,0
BRDA:40,4,0,0
BRDA:40,4,1,0
BRDA:41,5,0,0
BRDA:41,5,1,0
BRDA:48,6,0,0
BRDA:48,6,1,0
BRDA:54,7,0,0
BRDA:54,7,1,0
BRDA:62,8,0,0
BRDA:62,8,1,0
BRDA:85,9,0,0
BRDA:85,9,1,0
BRDA:94,10,0,0
BRDA:94,10,1,0
BRDA:100,11,0,0
BRDA:100,11,1,0
BRDA:101,12,0,0
BRDA:101,12,1,0
BRF:24
BRH:1
end_of_record
